Build started 24.09.2017 18:58:53.
     1>Project "C:\Users\Agnes\Documents\Visual Studio 2013\Projects\lab4zad2\lab4zad2\lab4zad2.vcxproj" on node 2 (Build target(s)).
     1>ClCompile:
         C:\Program Files (x86)\Microsoft Visual Studio 12.0\VC\bin\CL.exe /c /ZI /nologo /W3 /WX- /Od /Oy- /D WIN32 /D _DEBUG /D _CONSOLE /D _LIB /D _UNICODE /D UNICODE /Gm /EHsc /RTC1 /MDd /GS /fp:precise /Zc:wchar_t /Zc:forScope /Fo"Debug\\" /Fd"Debug\vc120.pdb" /Gd /TP /analyze- /errorReport:prompt main.cpp
         main.cpp
       Link:
         C:\Program Files (x86)\Microsoft Visual Studio 12.0\VC\bin\link.exe /ERRORREPORT:PROMPT /OUT:"C:\Users\Agnes\Documents\Visual Studio 2013\Projects\lab4zad2\Debug\lab4zad2.exe" /INCREMENTAL /NOLOGO kernel32.lib user32.lib gdi32.lib winspool.lib comdlg32.lib advapi32.lib shell32.lib ole32.lib oleaut32.lib uuid.lib odbc32.lib odbccp32.lib /MANIFEST /MANIFESTUAC:"level='asInvoker' uiAccess='false'" /manifest:embed /DEBUG /PDB:"C:\Users\Agnes\Documents\Visual Studio 2013\Projects\lab4zad2\Debug\lab4zad2.pdb" /SUBSYSTEM:CONSOLE /TLBID:1 /DYNAMICBASE /NXCOMPAT /IMPLIB:"C:\Users\Agnes\Documents\Visual Studio 2013\Projects\lab4zad2\Debug\lab4zad2.lib" /MACHINE:X86 Debug\Circle.obj
         Debug\Cylinder.obj
         Debug\main.obj
     1>LINK : fatal error LNK1168: cannot open C:\Users\Agnes\Documents\Visual Studio 2013\Projects\lab4zad2\Debug\lab4zad2.exe for writing
     1>Done Building Project "C:\Users\Agnes\Documents\Visual Studio 2013\Projects\lab4zad2\lab4zad2\lab4zad2.vcxproj" (Build target(s)) -- FAILED.

Build FAILED.

Time Elapsed 00:00:03.78
